[ 2015-06-12T16:49:12+08:00 ] ::1 /xuyu/
INFO: [ app_init ] --START--
INFO: Run Behavior\BuildLiteBehavior [ RunTime:0.000015s ]
INFO: [ app_init ] --END-- [ RunTime:0.000075s ]
INFO: [ app_begin ] --START--
INFO: Run Behavior\ReadHtmlCacheBehavior [ RunTime:0.001297s ]
INFO: [ app_begin ] --END-- [ RunTime:0.001426s ]
SQL: SHOW COLUMNS FROM `xuyu_music` [ RunTime:0.0099s ]
SQL: SELECT * FROM `xuyu_music` WHERE ( id=1 )  [ RunTime:0.0008s ]
INFO: [ view_parse ] --START--
INFO: [ template_filter ] --START--
INFO: Run Behavior\ContentReplaceBehavior [ RunTime:0.000483s ]
INFO: [ template_filter ] --END-- [ RunTime:0.000670s ]
INFO: Run Behavior\ParseTemplateBehavior [ RunTime:0.082671s ]
INFO: [ view_parse ] --END-- [ RunTime:0.082878s ]
INFO: [ view_filter ] --START--
INFO: Run Behavior\WriteHtmlCacheBehavior [ RunTime:0.001265s ]
INFO: [ view_filter ] --END-- [ RunTime:0.001399s ]
INFO: [ app_end ] --START--
INFO: Run Behavior\ShowPageTraceBehavior [ RunTime:0.002575s ]
INFO: [ app_end ] --END-- [ RunTime:0.002813s ]

