[ 2015-06-11T13:12:06+08:00 ] ::1 /one/Public/index_css_js/sprite/open_share_button_widget.png?max_age=19830211&d=1128113721
ERR: 无法加载模块:Public

[ 2015-06-11T13:12:06+08:00 ] ::1 /one/Public/index_css_js/img/open/open_counts_white_r_24.gif?max_age=19830211&d=1128113721
ERR: 无法加载模块:Public

[ 2015-06-11T13:26:15+08:00 ] ::1 /xuyu/Public/index_css_js/sprite/open_share_button_widget.png?max_age=19830211&d=1128113721
ERR: 无法加载模块:Public

[ 2015-06-11T13:26:15+08:00 ] ::1 /xuyu/Public/index_css_js/img/open/open_counts_white_r_24.gif?max_age=19830211&d=1128113721
ERR: 无法加载模块:Public

[ 2015-06-11T14:31:07+08:00 ] ::1 /xuyu/Public/wubfazhuce/bootstrap.min.css
ERR: 无法加载模块:Public

[ 2015-06-11T14:31:09+08:00 ] ::1 /xuyu/Public/index_css_js/sprite/open_share_button_widget.png?max_age=19830211&d=1128113721
ERR: 无法加载模块:Public

[ 2015-06-11T14:31:09+08:00 ] ::1 /xuyu/Public/index_css_js/img/open/open_counts_white_r_24.gif?max_age=19830211&d=1128113721
ERR: 无法加载模块:Public

[ 2015-06-11T14:39:19+08:00 ] ::1 /xuyu/Public/wubfazhuce/bootstrap.min.css
ERR: 无法加载模块:Public

[ 2015-06-11T14:39:19+08:00 ] ::1 /xuyu/Public/wubfazhuce/bootstrap.min.css
ERR: 无法加载模块:Public

[ 2015-06-11T14:39:22+08:00 ] ::1 /xuyu/Public/index_css_js/img/open/open_counts_white_r_24.gif?max_age=19830211&d=1128113721
ERR: 无法加载模块:Public

[ 2015-06-11T14:39:22+08:00 ] ::1 /xuyu/Public/index_css_js/sprite/open_share_button_widget.png?max_age=19830211&d=1128113721
ERR: 无法加载模块:Public

[ 2015-06-11T14:39:22+08:00 ] ::1 /xuyu/Public/index_css_js/sprite/open_share_button_widget.png?max_age=19830211&d=1128113721
ERR: 无法加载模块:Public

[ 2015-06-11T14:39:22+08:00 ] ::1 /xuyu/Public/index_css_js/img/open/open_counts_white_r_24.gif?max_age=19830211&d=1128113721
ERR: 无法加载模块:Public

[ 2015-06-11T14:45:47+08:00 ] ::1 /xuyu/Public/wubfazhuce/bootstrap.min.css
ERR: 无法加载模块:Public

[ 2015-06-11T14:45:48+08:00 ] ::1 /xuyu/Public/index_css_js/img/open/open_counts_white_r_24.gif?max_age=19830211&d=1128113721
ERR: 无法加载模块:Public

[ 2015-06-11T14:45:48+08:00 ] ::1 /xuyu/Public/index_css_js/sprite/open_share_button_widget.png?max_age=19830211&d=1128113721
ERR: 无法加载模块:Public

[ 2015-06-11T14:45:48+08:00 ] ::1 /xuyu/Public/index_css_js/img/open/open_counts_white_r_24.gif?max_age=19830211&d=1128113721
ERR: 无法加载模块:Public

[ 2015-06-11T14:45:48+08:00 ] ::1 /xuyu/Public/index_css_js/sprite/open_share_button_widget.png?max_age=19830211&d=1128113721
ERR: 无法加载模块:Public

[ 2015-06-11T14:45:48+08:00 ] ::1 /xuyu/Public/index_css_js/sprite/open_share_button_widget.png?max_age=19830211&d=1128113721
ERR: 无法加载模块:Public

[ 2015-06-11T14:45:48+08:00 ] ::1 /xuyu/Public/index_css_js/img/open/open_counts_white_r_24.gif?max_age=19830211&d=1128113721
ERR: 无法加载模块:Public

[ 2015-06-11T14:45:48+08:00 ] ::1 /xuyu/Public/index_css_js/img/open/open_counts_white_r_24.gif?max_age=19830211&d=1128113721
ERR: 无法加载模块:Public

[ 2015-06-11T14:45:48+08:00 ] ::1 /xuyu/Public/index_css_js/sprite/open_share_button_widget.png?max_age=19830211&d=1128113721
ERR: 无法加载模块:Public

[ 2015-06-11T14:45:53+08:00 ] ::1 /xuyu/Public/wubfazhuce/bootstrap.min.css
ERR: 无法加载模块:Public

[ 2015-06-11T14:45:53+08:00 ] ::1 /xuyu/Public/index_css_js/img/open/open_counts_white_r_24.gif?max_age=19830211&d=1128113721
ERR: 无法加载模块:Public

[ 2015-06-11T14:45:53+08:00 ] ::1 /xuyu/Public/index_css_js/sprite/open_share_button_widget.png?max_age=19830211&d=1128113721
ERR: 无法加载模块:Public

[ 2015-06-11T14:45:53+08:00 ] ::1 /xuyu/Public/index_css_js/sprite/open_share_button_widget.png?max_age=19830211&d=1128113721
ERR: 无法加载模块:Public

[ 2015-06-11T14:45:53+08:00 ] ::1 /xuyu/Public/index_css_js/img/open/open_counts_white_r_24.gif?max_age=19830211&d=1128113721
ERR: 无法加载模块:Public

[ 2015-06-11T14:45:53+08:00 ] ::1 /xuyu/Public/index_css_js/img/open/open_counts_white_r_24.gif?max_age=19830211&d=1128113721
ERR: 无法加载模块:Public

[ 2015-06-11T14:45:53+08:00 ] ::1 /xuyu/Public/index_css_js/sprite/open_share_button_widget.png?max_age=19830211&d=1128113721
ERR: 无法加载模块:Public

[ 2015-06-11T14:45:53+08:00 ] ::1 /xuyu/Public/index_css_js/sprite/open_share_button_widget.png?max_age=19830211&d=1128113721
ERR: 无法加载模块:Public

[ 2015-06-11T14:45:53+08:00 ] ::1 /xuyu/Public/index_css_js/img/open/open_counts_white_r_24.gif?max_age=19830211&d=1128113721
ERR: 无法加载模块:Public

[ 2015-06-11T14:46:16+08:00 ] ::1 /xuyu/Public/wubfazhuce/bootstrap.min.css
ERR: 无法加载模块:Public

[ 2015-06-11T14:46:16+08:00 ] ::1 /xuyu/Public/index_css_js/sprite/open_share_button_widget.png?max_age=19830211&d=1128113721
ERR: 无法加载模块:Public

[ 2015-06-11T14:46:16+08:00 ] ::1 /xuyu/Public/index_css_js/img/open/open_counts_white_r_24.gif?max_age=19830211&d=1128113721
ERR: 无法加载模块:Public

[ 2015-06-11T14:46:16+08:00 ] ::1 /xuyu/Public/index_css_js/sprite/open_share_button_widget.png?max_age=19830211&d=1128113721
ERR: 无法加载模块:Public

[ 2015-06-11T14:46:16+08:00 ] ::1 /xuyu/Public/index_css_js/img/open/open_counts_white_r_24.gif?max_age=19830211&d=1128113721
ERR: 无法加载模块:Public

[ 2015-06-11T14:46:16+08:00 ] ::1 /xuyu/Public/index_css_js/sprite/open_share_button_widget.png?max_age=19830211&d=1128113721
ERR: 无法加载模块:Public

[ 2015-06-11T14:46:16+08:00 ] ::1 /xuyu/Public/index_css_js/img/open/open_counts_white_r_24.gif?max_age=19830211&d=1128113721
ERR: 无法加载模块:Public

[ 2015-06-11T14:46:20+08:00 ] ::1 /xuyu/Public/wubfazhuce/bootstrap.min.css
ERR: 无法加载模块:Public

[ 2015-06-11T14:46:20+08:00 ] ::1 /xuyu/Public/index_css_js/sprite/open_share_button_widget.png?max_age=19830211&d=1128113721
ERR: 无法加载模块:Public

[ 2015-06-11T14:46:20+08:00 ] ::1 /xuyu/Public/index_css_js/img/open/open_counts_white_r_24.gif?max_age=19830211&d=1128113721
ERR: 无法加载模块:Public

[ 2015-06-11T14:46:20+08:00 ] ::1 /xuyu/Public/index_css_js/sprite/open_share_button_widget.png?max_age=19830211&d=1128113721
ERR: 无法加载模块:Public

[ 2015-06-11T14:46:20+08:00 ] ::1 /xuyu/Public/index_css_js/img/open/open_counts_white_r_24.gif?max_age=19830211&d=1128113721
ERR: 无法加载模块:Public

[ 2015-06-11T14:46:20+08:00 ] ::1 /xuyu/Public/index_css_js/sprite/open_share_button_widget.png?max_age=19830211&d=1128113721
ERR: 无法加载模块:Public

[ 2015-06-11T14:46:20+08:00 ] ::1 /xuyu/Public/index_css_js/img/open/open_counts_white_r_24.gif?max_age=19830211&d=1128113721
ERR: 无法加载模块:Public

[ 2015-06-11T14:46:20+08:00 ] ::1 /xuyu/Public/wubfazhuce/bootstrap.min.css
ERR: 无法加载模块:Public

[ 2015-06-11T14:46:21+08:00 ] ::1 /xuyu/Public/index_css_js/sprite/open_share_button_widget.png?max_age=19830211&d=1128113721
ERR: 无法加载模块:Public

[ 2015-06-11T14:46:21+08:00 ] ::1 /xuyu/Public/index_css_js/img/open/open_counts_white_r_24.gif?max_age=19830211&d=1128113721
ERR: 无法加载模块:Public

[ 2015-06-11T14:46:21+08:00 ] ::1 /xuyu/Public/index_css_js/sprite/open_share_button_widget.png?max_age=19830211&d=1128113721
ERR: 无法加载模块:Public

[ 2015-06-11T14:46:21+08:00 ] ::1 /xuyu/Public/index_css_js/img/open/open_counts_white_r_24.gif?max_age=19830211&d=1128113721
ERR: 无法加载模块:Public

[ 2015-06-11T14:46:21+08:00 ] ::1 /xuyu/Public/index_css_js/sprite/open_share_button_widget.png?max_age=19830211&d=1128113721
ERR: 无法加载模块:Public

[ 2015-06-11T14:46:21+08:00 ] ::1 /xuyu/Public/index_css_js/img/open/open_counts_white_r_24.gif?max_age=19830211&d=1128113721
ERR: 无法加载模块:Public

[ 2015-06-11T14:46:22+08:00 ] ::1 /xuyu/Public/wubfazhuce/bootstrap.min.css
ERR: 无法加载模块:Public

[ 2015-06-11T14:46:22+08:00 ] ::1 /xuyu/Public/index_css_js/sprite/open_share_button_widget.png?max_age=19830211&d=1128113721
ERR: 无法加载模块:Public

[ 2015-06-11T14:46:22+08:00 ] ::1 /xuyu/Public/index_css_js/img/open/open_counts_white_r_24.gif?max_age=19830211&d=1128113721
ERR: 无法加载模块:Public

[ 2015-06-11T14:46:22+08:00 ] ::1 /xuyu/Public/index_css_js/sprite/open_share_button_widget.png?max_age=19830211&d=1128113721
ERR: 无法加载模块:Public

[ 2015-06-11T14:46:22+08:00 ] ::1 /xuyu/Public/index_css_js/img/open/open_counts_white_r_24.gif?max_age=19830211&d=1128113721
ERR: 无法加载模块:Public

[ 2015-06-11T14:46:22+08:00 ] ::1 /xuyu/Public/index_css_js/sprite/open_share_button_widget.png?max_age=19830211&d=1128113721
ERR: 无法加载模块:Public

[ 2015-06-11T14:46:23+08:00 ] ::1 /xuyu/Public/index_css_js/sprite/open_share_button_widget.png?max_age=19830211&d=1128113721
ERR: 无法加载模块:Public

[ 2015-06-11T14:46:23+08:00 ] ::1 /xuyu/Public/index_css_js/img/open/open_counts_white_r_24.gif?max_age=19830211&d=1128113721
ERR: 无法加载模块:Public

[ 2015-06-11T14:48:43+08:00 ] ::1 /xuyu/Public/wubfazhuce/bootstrap.min.css
ERR: 无法加载模块:Public

[ 2015-06-11T14:48:43+08:00 ] ::1 /xuyu/Public/index_css_js/img/open/open_counts_white_r_24.gif?max_age=19830211&d=1128113721
ERR: 无法加载模块:Public

[ 2015-06-11T14:48:43+08:00 ] ::1 /xuyu/Public/index_css_js/sprite/open_share_button_widget.png?max_age=19830211&d=1128113721
ERR: 无法加载模块:Public

[ 2015-06-11T14:48:43+08:00 ] ::1 /xuyu/Public/index_css_js/sprite/open_share_button_widget.png?max_age=19830211&d=1128113721
ERR: 无法加载模块:Public

[ 2015-06-11T14:48:43+08:00 ] ::1 /xuyu/Public/index_css_js/img/open/open_counts_white_r_24.gif?max_age=19830211&d=1128113721
ERR: 无法加载模块:Public

[ 2015-06-11T14:48:43+08:00 ] ::1 /xuyu/Public/index_css_js/img/open/open_counts_white_r_24.gif?max_age=19830211&d=1128113721
ERR: 无法加载模块:Public

[ 2015-06-11T14:48:43+08:00 ] ::1 /xuyu/Public/index_css_js/sprite/open_share_button_widget.png?max_age=19830211&d=1128113721
ERR: 无法加载模块:Public

[ 2015-06-11T14:49:17+08:00 ] ::1 /xuyu/Public/wubfazhuce/bootstrap.min.css
ERR: 无法加载模块:Public

[ 2015-06-11T14:49:18+08:00 ] ::1 /xuyu/Public/index_css_js/sprite/open_share_button_widget.png?max_age=19830211&d=1128113721
ERR: 无法加载模块:Public

[ 2015-06-11T14:49:18+08:00 ] ::1 /xuyu/Public/index_css_js/img/open/open_counts_white_r_24.gif?max_age=19830211&d=1128113721
ERR: 无法加载模块:Public

[ 2015-06-11T14:49:18+08:00 ] ::1 /xuyu/Public/index_css_js/sprite/open_share_button_widget.png?max_age=19830211&d=1128113721
ERR: 无法加载模块:Public

[ 2015-06-11T14:49:18+08:00 ] ::1 /xuyu/Public/index_css_js/img/open/open_counts_white_r_24.gif?max_age=19830211&d=1128113721
ERR: 无法加载模块:Public

[ 2015-06-11T14:49:18+08:00 ] ::1 /xuyu/Public/index_css_js/sprite/open_share_button_widget.png?max_age=19830211&d=1128113721
ERR: 无法加载模块:Public

[ 2015-06-11T14:49:18+08:00 ] ::1 /xuyu/Public/index_css_js/img/open/open_counts_white_r_24.gif?max_age=19830211&d=1128113721
ERR: 无法加载模块:Public

[ 2015-06-11T15:00:05+08:00 ] ::1 /xuyu/Public/index_css_js/img/open/open_counts_white_r_24.gif?max_age=19830211&d=1128113721
ERR: 无法加载模块:Public

[ 2015-06-11T15:00:05+08:00 ] ::1 /xuyu/Public/index_css_js/sprite/open_share_button_widget.png?max_age=19830211&d=1128113721
ERR: 无法加载模块:Public

[ 2015-06-11T15:00:05+08:00 ] ::1 /xuyu/Public/index_css_js/img/open/open_counts_white_r_24.gif?max_age=19830211&d=1128113721
ERR: 无法加载模块:Public

[ 2015-06-11T15:00:05+08:00 ] ::1 /xuyu/Public/index_css_js/sprite/open_share_button_widget.png?max_age=19830211&d=1128113721
ERR: 无法加载模块:Public

[ 2015-06-11T15:00:06+08:00 ] ::1 /xuyu/Public/index_css_js/sprite/open_share_button_widget.png?max_age=19830211&d=1128113721
ERR: 无法加载模块:Public

[ 2015-06-11T15:00:06+08:00 ] ::1 /xuyu/Public/index_css_js/img/open/open_counts_white_r_24.gif?max_age=19830211&d=1128113721
ERR: 无法加载模块:Public

[ 2015-06-11T15:00:06+08:00 ] ::1 /xuyu/Public/index_css_js/sprite/open_share_button_widget.png?max_age=19830211&d=1128113721
ERR: 无法加载模块:Public

[ 2015-06-11T15:00:06+08:00 ] ::1 /xuyu/Public/index_css_js/img/open/open_counts_white_r_24.gif?max_age=19830211&d=1128113721
ERR: 无法加载模块:Public

[ 2015-06-11T15:00:12+08:00 ] ::1 /xuyu/Public/index_css_js/sprite/open_share_button_widget.png?max_age=19830211&d=1128113721
ERR: 无法加载模块:Public

[ 2015-06-11T15:00:12+08:00 ] ::1 /xuyu/Public/index_css_js/img/open/open_counts_white_r_24.gif?max_age=19830211&d=1128113721
ERR: 无法加载模块:Public

[ 2015-06-11T15:00:12+08:00 ] ::1 /xuyu/Public/index_css_js/sprite/open_share_button_widget.png?max_age=19830211&d=1128113721
ERR: 无法加载模块:Public

[ 2015-06-11T15:00:12+08:00 ] ::1 /xuyu/Public/index_css_js/img/open/open_counts_white_r_24.gif?max_age=19830211&d=1128113721
ERR: 无法加载模块:Public

[ 2015-06-11T15:00:12+08:00 ] ::1 /xuyu/Public/index_css_js/sprite/open_share_button_widget.png?max_age=19830211&d=1128113721
ERR: 无法加载模块:Public

[ 2015-06-11T15:00:12+08:00 ] ::1 /xuyu/Public/index_css_js/img/open/open_counts_white_r_24.gif?max_age=19830211&d=1128113721
ERR: 无法加载模块:Public

[ 2015-06-11T15:00:13+08:00 ] ::1 /xuyu/Public/index_css_js/sprite/open_share_button_widget.png?max_age=19830211&d=1128113721
ERR: 无法加载模块:Public

[ 2015-06-11T15:00:13+08:00 ] ::1 /xuyu/Public/index_css_js/img/open/open_counts_white_r_24.gif?max_age=19830211&d=1128113721
ERR: 无法加载模块:Public

[ 2015-06-11T15:00:23+08:00 ] ::1 /xuyu/Public/index_css_js/sprite/open_share_button_widget.png?max_age=19830211&d=1128113721
ERR: 无法加载模块:Public

[ 2015-06-11T15:00:23+08:00 ] ::1 /xuyu/Public/index_css_js/img/open/open_counts_white_r_24.gif?max_age=19830211&d=1128113721
ERR: 无法加载模块:Public

[ 2015-06-11T15:00:23+08:00 ] ::1 /xuyu/Public/index_css_js/sprite/open_share_button_widget.png?max_age=19830211&d=1128113721
ERR: 无法加载模块:Public

[ 2015-06-11T15:00:23+08:00 ] ::1 /xuyu/Public/index_css_js/img/open/open_counts_white_r_24.gif?max_age=19830211&d=1128113721
ERR: 无法加载模块:Public

[ 2015-06-11T15:00:23+08:00 ] ::1 /xuyu/Public/index_css_js/sprite/open_share_button_widget.png?max_age=19830211&d=1128113721
ERR: 无法加载模块:Public

[ 2015-06-11T15:00:23+08:00 ] ::1 /xuyu/Public/index_css_js/img/open/open_counts_white_r_24.gif?max_age=19830211&d=1128113721
ERR: 无法加载模块:Public

[ 2015-06-11T15:00:23+08:00 ] ::1 /xuyu/Public/index_css_js/img/open/open_counts_white_r_24.gif?max_age=19830211&d=1128113721
ERR: 无法加载模块:Public

[ 2015-06-11T15:00:23+08:00 ] ::1 /xuyu/Public/index_css_js/sprite/open_share_button_widget.png?max_age=19830211&d=1128113721
ERR: 无法加载模块:Public

[ 2015-06-11T15:00:55+08:00 ] ::1 /xuyu/Public/index_css_js/sprite/open_share_button_widget.png?max_age=19830211&d=1128113721
ERR: 无法加载模块:Public

[ 2015-06-11T15:00:55+08:00 ] ::1 /xuyu/Public/index_css_js/img/open/open_counts_white_r_24.gif?max_age=19830211&d=1128113721
ERR: 无法加载模块:Public

[ 2015-06-11T15:00:55+08:00 ] ::1 /xuyu/Public/index_css_js/sprite/open_share_button_widget.png?max_age=19830211&d=1128113721
ERR: 无法加载模块:Public

[ 2015-06-11T15:00:55+08:00 ] ::1 /xuyu/Public/index_css_js/img/open/open_counts_white_r_24.gif?max_age=19830211&d=1128113721
ERR: 无法加载模块:Public

[ 2015-06-11T15:00:55+08:00 ] ::1 /xuyu/Public/index_css_js/sprite/open_share_button_widget.png?max_age=19830211&d=1128113721
ERR: 无法加载模块:Public

[ 2015-06-11T15:00:55+08:00 ] ::1 /xuyu/Public/index_css_js/img/open/open_counts_white_r_24.gif?max_age=19830211&d=1128113721
ERR: 无法加载模块:Public

[ 2015-06-11T15:00:55+08:00 ] ::1 /xuyu/Public/index_css_js/sprite/open_share_button_widget.png?max_age=19830211&d=1128113721
ERR: 无法加载模块:Public

[ 2015-06-11T15:00:55+08:00 ] ::1 /xuyu/Public/index_css_js/img/open/open_counts_white_r_24.gif?max_age=19830211&d=1128113721
ERR: 无法加载模块:Public

[ 2015-06-11T15:04:35+08:00 ] ::1 /xuyu/Public/index_css_js/sprite/open_share_button_widget.png?max_age=19830211&d=1128113721
ERR: 无法加载模块:Public

[ 2015-06-11T15:04:35+08:00 ] ::1 /xuyu/Public/index_css_js/img/open/open_counts_white_r_24.gif?max_age=19830211&d=1128113721
ERR: 无法加载模块:Public

[ 2015-06-11T15:04:35+08:00 ] ::1 /xuyu/Public/index_css_js/sprite/open_share_button_widget.png?max_age=19830211&d=1128113721
ERR: 无法加载模块:Public

[ 2015-06-11T15:04:35+08:00 ] ::1 /xuyu/Public/index_css_js/img/open/open_counts_white_r_24.gif?max_age=19830211&d=1128113721
ERR: 无法加载模块:Public

[ 2015-06-11T15:04:35+08:00 ] ::1 /xuyu/Public/index_css_js/sprite/open_share_button_widget.png?max_age=19830211&d=1128113721
ERR: 无法加载模块:Public

[ 2015-06-11T15:04:35+08:00 ] ::1 /xuyu/Public/index_css_js/img/open/open_counts_white_r_24.gif?max_age=19830211&d=1128113721
ERR: 无法加载模块:Public

[ 2015-06-11T15:04:35+08:00 ] ::1 /xuyu/Public/index_css_js/sprite/open_share_button_widget.png?max_age=19830211&d=1128113721
ERR: 无法加载模块:Public

[ 2015-06-11T15:04:35+08:00 ] ::1 /xuyu/Public/index_css_js/img/open/open_counts_white_r_24.gif?max_age=19830211&d=1128113721
ERR: 无法加载模块:Public

[ 2015-06-11T15:23:30+08:00 ] ::1 /xuyu/Public/index_css_js/sprite/open_share_button_widget.png?max_age=19830211&d=1128113721
ERR: 无法加载模块:Public

[ 2015-06-11T15:23:30+08:00 ] ::1 /xuyu/Public/index_css_js/img/open/open_counts_white_r_24.gif?max_age=19830211&d=1128113721
ERR: 无法加载模块:Public

[ 2015-06-11T15:24:27+08:00 ] ::1 /xuyu/Public/index_css_js/sprite/open_share_button_widget.png?max_age=19830211&d=1128113721
ERR: 无法加载模块:Public

[ 2015-06-11T15:24:27+08:00 ] ::1 /xuyu/Public/index_css_js/img/open/open_counts_white_r_24.gif?max_age=19830211&d=1128113721
ERR: 无法加载模块:Public

[ 2015-06-11T15:25:41+08:00 ] ::1 /xuyu/Public/index_css_js/sprite/open_share_button_widget.png?max_age=19830211&d=1128113721
ERR: 无法加载模块:Public

[ 2015-06-11T15:25:41+08:00 ] ::1 /xuyu/Public/index_css_js/img/open/open_counts_white_r_24.gif?max_age=19830211&d=1128113721
ERR: 无法加载模块:Public

[ 2015-06-11T15:25:44+08:00 ] ::1 /xuyu/Public/index_css_js/sprite/open_share_button_widget.png?max_age=19830211&d=1128113721
ERR: 无法加载模块:Public

[ 2015-06-11T15:25:44+08:00 ] ::1 /xuyu/Public/index_css_js/img/open/open_counts_white_r_24.gif?max_age=19830211&d=1128113721
ERR: 无法加载模块:Public

[ 2015-06-11T15:26:12+08:00 ] ::1 /xuyu/Public/index_css_js/img/open/open_counts_white_r_24.gif?max_age=19830211&d=1128113721
ERR: 无法加载模块:Public

[ 2015-06-11T15:26:12+08:00 ] ::1 /xuyu/Public/index_css_js/sprite/open_share_button_widget.png?max_age=19830211&d=1128113721
ERR: 无法加载模块:Public

[ 2015-06-11T15:26:39+08:00 ] ::1 /xuyu/Public/index_css_js/sprite/open_share_button_widget.png?max_age=19830211&d=1128113721
ERR: 无法加载模块:Public

[ 2015-06-11T15:26:39+08:00 ] ::1 /xuyu/Public/index_css_js/img/open/open_counts_white_r_24.gif?max_age=19830211&d=1128113721
ERR: 无法加载模块:Public

[ 2015-06-11T15:26:40+08:00 ] ::1 /xuyu/Public/index_css_js/sprite/open_share_button_widget.png?max_age=19830211&d=1128113721
ERR: 无法加载模块:Public

[ 2015-06-11T15:26:40+08:00 ] ::1 /xuyu/Public/index_css_js/img/open/open_counts_white_r_24.gif?max_age=19830211&d=1128113721
ERR: 无法加载模块:Public

[ 2015-06-11T15:26:40+08:00 ] ::1 /xuyu/Public/index_css_js/img/open/open_counts_white_r_24.gif?max_age=19830211&d=1128113721
ERR: 无法加载模块:Public

[ 2015-06-11T15:26:40+08:00 ] ::1 /xuyu/Public/index_css_js/sprite/open_share_button_widget.png?max_age=19830211&d=1128113721
ERR: 无法加载模块:Public

[ 2015-06-11T15:27:58+08:00 ] ::1 /xuyu/Public/index_css_js/sprite/open_share_button_widget.png?max_age=19830211&d=1128113721
ERR: 无法加载模块:Public

[ 2015-06-11T15:27:58+08:00 ] ::1 /xuyu/Public/index_css_js/img/open/open_counts_white_r_24.gif?max_age=19830211&d=1128113721
ERR: 无法加载模块:Public

[ 2015-06-11T15:28:13+08:00 ] ::1 /xuyu/Public/index_css_js/sprite/open_share_button_widget.png?max_age=19830211&d=1128113721
ERR: 无法加载模块:Public

[ 2015-06-11T15:28:13+08:00 ] ::1 /xuyu/Public/index_css_js/img/open/open_counts_white_r_24.gif?max_age=19830211&d=1128113721
ERR: 无法加载模块:Public

[ 2015-06-11T15:28:22+08:00 ] ::1 /xuyu/Public/index_css_js/sprite/open_share_button_widget.png?max_age=19830211&d=1128113721
ERR: 无法加载模块:Public

[ 2015-06-11T15:28:22+08:00 ] ::1 /xuyu/Public/index_css_js/img/open/open_counts_white_r_24.gif?max_age=19830211&d=1128113721
ERR: 无法加载模块:Public

[ 2015-06-11T15:28:38+08:00 ] ::1 /xuyu/Public/index_css_js/sprite/open_share_button_widget.png?max_age=19830211&d=1128113721
ERR: 无法加载模块:Public

[ 2015-06-11T15:28:38+08:00 ] ::1 /xuyu/Public/index_css_js/img/open/open_counts_white_r_24.gif?max_age=19830211&d=1128113721
ERR: 无法加载模块:Public

[ 2015-06-11T15:28:49+08:00 ] ::1 /xuyu/Public/index_css_js/sprite/open_share_button_widget.png?max_age=19830211&d=1128113721
ERR: 无法加载模块:Public

[ 2015-06-11T15:28:49+08:00 ] ::1 /xuyu/Public/index_css_js/img/open/open_counts_white_r_24.gif?max_age=19830211&d=1128113721
ERR: 无法加载模块:Public

[ 2015-06-11T15:28:57+08:00 ] ::1 /xuyu/Public/index_css_js/sprite/open_share_button_widget.png?max_age=19830211&d=1128113721
ERR: 无法加载模块:Public

[ 2015-06-11T15:28:57+08:00 ] ::1 /xuyu/Public/index_css_js/img/open/open_counts_white_r_24.gif?max_age=19830211&d=1128113721
ERR: 无法加载模块:Public

[ 2015-06-11T15:28:57+08:00 ] ::1 /xuyu/Public/index_css_js/sprite/open_share_button_widget.png?max_age=19830211&d=1128113721
ERR: 无法加载模块:Public

[ 2015-06-11T15:28:57+08:00 ] ::1 /xuyu/Public/index_css_js/img/open/open_counts_white_r_24.gif?max_age=19830211&d=1128113721
ERR: 无法加载模块:Public

[ 2015-06-11T15:28:58+08:00 ] ::1 /xuyu/Public/index_css_js/sprite/open_share_button_widget.png?max_age=19830211&d=1128113721
ERR: 无法加载模块:Public

[ 2015-06-11T15:28:58+08:00 ] ::1 /xuyu/Public/index_css_js/img/open/open_counts_white_r_24.gif?max_age=19830211&d=1128113721
ERR: 无法加载模块:Public

[ 2015-06-11T15:29:28+08:00 ] ::1 /xuyu/Public/index_css_js/sprite/open_share_button_widget.png?max_age=19830211&d=1128113721
ERR: 无法加载模块:Public

[ 2015-06-11T15:29:28+08:00 ] ::1 /xuyu/Public/index_css_js/img/open/open_counts_white_r_24.gif?max_age=19830211&d=1128113721
ERR: 无法加载模块:Public

[ 2015-06-11T15:31:56+08:00 ] ::1 /xuyu/Public/index_css_js/VOL.975%20-%20%E3%80%8CONE%20%C2%B7%20%E4%B8%80%E4%B8%AA%E3%80%8D.html
ERR: 无法加载模块:Public

[ 2015-06-11T22:26:35+08:00 ] ::1 /xuyu/main
ERR: 无法加载模块:Main

[ 2015-06-11T22:50:42+08:00 ] ::1 /Xuyu/main
ERR: 无法加载模块:Main

