[ 2015-06-12T16:15:15+08:00 ] ::1 /Xuyu/Public/jquery.js
ERR: 无法加载模块:Public

[ 2015-06-12T16:15:15+08:00 ] ::1 /Xuyu/Public/uploads/1.jpg
ERR: 无法加载模块:Public

[ 2015-06-12T16:18:58+08:00 ] ::1 /Xuyu/Public/jquery.js
ERR: 无法加载模块:Public

[ 2015-06-12T16:18:58+08:00 ] ::1 /Xuyu/Public/uploads/1.jpg
ERR: 无法加载模块:Public

[ 2015-06-12T16:18:58+08:00 ] ::1 /Xuyu/Public/uploads/1.jpg
ERR: 无法加载模块:Public

[ 2015-06-12T16:22:43+08:00 ] ::1 /Xuyu/Public/uploads/1.jpg
ERR: 无法加载模块:Public

[ 2015-06-12T16:22:48+08:00 ] ::1 /Xuyu/img/uploadify-cancel.png
ERR: 无法加载模块:Img

[ 2015-06-12T16:23:41+08:00 ] ::1 /Xuyu/Public/uploads/1.jpg
ERR: 无法加载模块:Public

[ 2015-06-12T16:25:28+08:00 ] ::1 /Xuyu/Public/uploads/1.jpg
ERR: 无法加载模块:Public

[ 2015-06-12T16:25:28+08:00 ] ::1 /Xuyu/Public/uploads/1.jpg
ERR: 无法加载模块:Public

[ 2015-06-12T16:25:32+08:00 ] ::1 /Xuyu/img/uploadify-cancel.png
ERR: 无法加载模块:Img

[ 2015-06-12T16:28:02+08:00 ] ::1 /Xuyu/Public/uploads/1.jpg
ERR: 无法加载模块:Public

[ 2015-06-12T16:30:20+08:00 ] ::1 /Xuyu/Public/uploads/1.jpg
ERR: 无法加载模块:Public

[ 2015-06-12T16:31:21+08:00 ] ::1 /Xuyu/Public/uploads/1.jpg
ERR: 无法加载模块:Public

[ 2015-06-12T16:35:18+08:00 ] ::1 /Xuyu/Public/uploads/1.jpg
ERR: 无法加载模块:Public

[ 2015-06-12T16:37:27+08:00 ] ::1 /Xuyu/Public/uploads/1.jpg
ERR: 无法加载模块:Public

[ 2015-06-12T16:37:59+08:00 ] ::1 /Xuyu/Public/uploads/1.jpg
ERR: 无法加载模块:Public

[ 2015-06-12T16:41:41+08:00 ] ::1 /Xuyu/Public/uploads/1.jpg
INFO: [ app_init ] --START--
INFO: Run Behavior\BuildLiteBehavior [ RunTime:0.000025s ]
INFO: [ app_init ] --END-- [ RunTime:0.000125s ]
ERR: 无法加载模块:Public

[ 2015-06-12T16:49:17+08:00 ] ::1 /Xuyu/Public/uploads/1.jpg
INFO: [ app_init ] --START--
INFO: Run Behavior\BuildLiteBehavior [ RunTime:0.000017s ]
INFO: [ app_init ] --END-- [ RunTime:0.000090s ]
ERR: 无法加载模块:Public

[ 2015-06-12T16:49:17+08:00 ] ::1 /Xuyu/Public/uploads/1.jpg
INFO: [ app_init ] --START--
INFO: Run Behavior\BuildLiteBehavior [ RunTime:0.000014s ]
INFO: [ app_init ] --END-- [ RunTime:0.000074s ]
ERR: 无法加载模块:Public

[ 2015-06-12T16:49:24+08:00 ] ::1 /Xuyu/img/uploadify-cancel.png
INFO: [ app_init ] --START--
INFO: Run Behavior\BuildLiteBehavior [ RunTime:0.000013s ]
INFO: [ app_init ] --END-- [ RunTime:0.000072s ]
ERR: 无法加载模块:Img

[ 2015-06-12T18:10:25+08:00 ] ::1 /Xuyu/img/uploadify-cancel.png
INFO: [ app_init ] --START--
INFO: Run Behavior\BuildLiteBehavior [ RunTime:0.000014s ]
INFO: [ app_init ] --END-- [ RunTime:0.000072s ]
ERR: 无法加载模块:Img

[ 2015-06-12T18:10:26+08:00 ] ::1 /Xuyu/Public/Uploads/Images/1434103825.jpg
INFO: [ app_init ] --START--
INFO: Run Behavior\BuildLiteBehavior [ RunTime:0.000016s ]
INFO: [ app_init ] --END-- [ RunTime:0.000082s ]
ERR: 无法加载模块:Public

[ 2015-06-12T18:30:07+08:00 ] ::1 /Xuyu/img/uploadify-cancel.png
INFO: [ app_init ] --START--
INFO: Run Behavior\BuildLiteBehavior [ RunTime:0.000025s ]
INFO: [ app_init ] --END-- [ RunTime:0.000128s ]
ERR: 无法加载模块:Img

[ 2015-06-12T18:46:01+08:00 ] ::1 /Xuyu/img/uploadify-cancel.png
INFO: [ app_init ] --START--
INFO: Run Behavior\BuildLiteBehavior [ RunTime:0.000022s ]
INFO: [ app_init ] --END-- [ RunTime:0.000122s ]
ERR: 无法加载模块:Img

[ 2015-06-12T18:48:35+08:00 ] ::1 /Xuyu/img/uploadify-cancel.png
INFO: [ app_init ] --START--
INFO: Run Behavior\BuildLiteBehavior [ RunTime:0.000024s ]
INFO: [ app_init ] --END-- [ RunTime:0.000122s ]
ERR: 无法加载模块:Img

[ 2015-06-12T18:49:30+08:00 ] ::1 /Xuyu/Public/Uploads/Music/20150612184930.mp3
INFO: [ app_init ] --START--
INFO: Run Behavior\BuildLiteBehavior [ RunTime:0.000025s ]
INFO: [ app_init ] --END-- [ RunTime:0.000127s ]
ERR: 无法加载模块:Public

[ 2015-06-12T18:49:58+08:00 ] ::1 /Xuyu/Public/Uploads/Music/20150612184958.mp3
INFO: [ app_init ] --START--
INFO: Run Behavior\BuildLiteBehavior [ RunTime:0.000024s ]
INFO: [ app_init ] --END-- [ RunTime:0.000128s ]
ERR: 无法加载模块:Public

[ 2015-06-12T18:50:17+08:00 ] ::1 /Xuyu/Public/Uploads/Music/20150612185017.mp3
INFO: [ app_init ] --START--
INFO: Run Behavior\BuildLiteBehavior [ RunTime:0.000023s ]
INFO: [ app_init ] --END-- [ RunTime:0.000125s ]
ERR: 无法加载模块:Public

[ 2015-06-12T19:10:23+08:00 ] ::1 /Xuyu/img/uploadify-cancel.png
INFO: [ app_init ] --START--
INFO: Run Behavior\BuildLiteBehavior [ RunTime:0.000015s ]
INFO: [ app_init ] --END-- [ RunTime:0.000083s ]
ERR: 无法加载模块:Img

[ 2015-06-12T19:10:34+08:00 ] ::1 /Xuyu/img/uploadify-cancel.png
INFO: [ app_init ] --START--
INFO: Run Behavior\BuildLiteBehavior [ RunTime:0.000020s ]
INFO: [ app_init ] --END-- [ RunTime:0.000118s ]
ERR: 无法加载模块:Img

[ 2015-06-12T20:22:55+08:00 ] ::1 /Xuyu/Public/Uploads/test.mp3
INFO: [ app_init ] --START--
INFO: Run Behavior\BuildLiteBehavior [ RunTime:0.000022s ]
INFO: [ app_init ] --END-- [ RunTime:0.000125s ]
ERR: 无法加载模块:Public

[ 2015-06-12T20:26:23+08:00 ] ::1 /Xuyu/Public/Uploads/test.mp3
INFO: [ app_init ] --START--
INFO: Run Behavior\BuildLiteBehavior [ RunTime:0.000020s ]
INFO: [ app_init ] --END-- [ RunTime:0.000112s ]
ERR: 无法加载模块:Public

